<?xml version="1.0" encoding="UTF-8"?>
<testng-results ignored="0" total="0" passed="0" failed="0" skipped="0">
  <reporter-output>
  </reporter-output>
  <suite started-at="2022-08-05T16:35:43 EDT" name="com.ebay.qa.homePageTest.HomePageTest" finished-at="2022-08-05T16:35:43 EDT" duration-ms="8">
    <groups>
    </groups>
    <test started-at="2022-08-05T16:35:43 EDT" name="Command line test" finished-at="2022-08-05T16:35:43 EDT" duration-ms="8">
    </test> <!-- Command line test -->
  </suite> <!-- com.ebay.qa.homePageTest.HomePageTest -->
</testng-results>
