<?xml version="1.0" encoding="UTF-8"?>
<testng-results ignored="0" total="0" passed="0" failed="0" skipped="0">
  <reporter-output>
  </reporter-output>
  <suite started-at="2022-08-05T16:36:52 EDT" name="RegressionSuite" finished-at="2022-08-05T16:36:52 EDT" duration-ms="15">
    <groups>
    </groups>
    <test started-at="2022-08-05T16:36:52 EDT" name="Test" finished-at="2022-08-05T16:36:52 EDT" duration-ms="15">
    </test> <!-- Test -->
  </suite> <!-- RegressionSuite -->
</testng-results>
